-------------------------------------------------------------------------------
Test set: za.ac.nwu.ac.repo.persistence.AccountTypeRepositoryTest
-------------------------------------------------------------------------------
Tests run: 2, Failures: 0, Errors: 2, Skipped: 0, Time elapsed: 37.765 s <<< FAILURE! - in za.ac.nwu.ac.repo.persistence.AccountTypeRepositoryTest
getAccountTypeByMnemonicNativeQueryMiles(za.ac.nwu.ac.repo.persistence.AccountTypeRepositoryTest)  Time elapsed: 0.127 s  <<< ERROR!
java.lang.IllegalStateException: Failed to load ApplicationContext
Caused by: org.springframework.beans.factory.BeanDefinitionStoreException: Failed to parse configuration class [za.ac.nwu.ac.repo.config.RepositoryTestConfig]; nested exception is java.io.FileNotFoundException: class path resource [application-test-db.properties] cannot be opened because it does not exist
Caused by: java.io.FileNotFoundException: class path resource [application-test-db.properties] cannot be opened because it does not exist

getAccountTypeByMnemonicNativeQuery(za.ac.nwu.ac.repo.persistence.AccountTypeRepositoryTest)  Time elapsed: 0 s  <<< ERROR!
java.lang.IllegalStateException: Failed to load ApplicationContext
Caused by: org.springframework.beans.factory.BeanDefinitionStoreException: Failed to parse configuration class [za.ac.nwu.ac.repo.config.RepositoryTestConfig]; nested exception is java.io.FileNotFoundException: class path resource [application-test-db.properties] cannot be opened because it does not exist
Caused by: java.io.FileNotFoundException: class path resource [application-test-db.properties] cannot be opened because it does not exist

